# JRE version: OpenJDK Runtime Environment (8.0_152-b02) (build 1.8.0_152-release-1024-b02)
# Java VM: OpenJDK 64-Bit Server VM (25.152-b02 mixed mode windows-amd64 compressed oops)
Heap:
 PSYoungGen      total 173056K, used 44793K [0x00000000e0000000, 0x00000000edc80000, 0x0000000100000000)
  eden space 161792K, 20% used [0x00000000e0000000,0x00000000e20c5050,0x00000000e9e00000)
  from space 11264K, 99% used [0x00000000ea980000,0x00000000eb4794f0,0x00000000eb480000)
  to   space 11776K, 0% used [0x00000000e9e00000,0x00000000e9e00000,0x00000000ea980000)
 ParOldGen       total 100352K, used 43471K [0x00000000a0000000, 0x00000000a6200000, 0x00000000e0000000)
  object space 100352K, 43% used [0x00000000a0000000,0x00000000a2a73fe0,0x00000000a6200000)
 Metaspace       used 56684K, capacity 58834K, committed 58968K, reserved 1099776K
  class space    used 7686K, capacity 8253K, committed 8320K, reserved 1048576K
GC Heap History (10 events):
Event: 6.782 GC heap before
{Heap before GC invocations=6 (full 1):
 PSYoungGen      total 111616K, used 111234K [0x00000000e0000000, 0x00000000e9180000, 0x0000000100000000)
  eden space 103424K, 100% used [0x00000000e0000000,0x00000000e6500000,0x00000000e6500000)
  from space 8192K, 95% used [0x00000000e8980000,0x00000000e91208a8,0x00000000e9180000)
  to   space 10752K, 0% used [0x00000000e7c80000,0x00000000e7c80000,0x00000000e8700000)
 ParOldGen       total 100352K, used 8797K [0x00000000a0000000, 0x00000000a6200000, 0x00000000e0000000)
  object space 100352K, 8% used [0x00000000a0000000,0x00000000a08976e0,0x00000000a6200000)
 Metaspace       used 30957K, capacity 31594K, committed 31872K, reserved 1077248K
  class space    used 4218K, capacity 4422K, committed 4480K, reserved 1048576K
Event: 6.792 GC heap after
Heap after GC invocations=6 (full 1):
 PSYoungGen      total 138240K, used 9235K [0x00000000e0000000, 0x00000000eb480000, 0x0000000100000000)
  eden space 127488K, 0% used [0x00000000e0000000,0x00000000e0000000,0x00000000e7c80000)
  from space 10752K, 85% used [0x00000000e7c80000,0x00000000e8584f08,0x00000000e8700000)
  to   space 11264K, 0% used [0x00000000ea980000,0x00000000ea980000,0x00000000eb480000)
 ParOldGen       total 100352K, used 8869K [0x00000000a0000000, 0x00000000a6200000, 0x00000000e0000000)
  object space 100352K, 8% used [0x00000000a0000000,0x00000000a08a96f0,0x00000000a6200000)
 Metaspace       used 30957K, capacity 31594K, committed 31872K, reserved 1077248K
  class space    used 4218K, capacity 4422K, committed 4480K, reserved 1048576K
}
Event: 7.938 GC heap before
{Heap before GC invocations=7 (full 1):
 PSYoungGen      total 138240K, used 63156K [0x00000000e0000000, 0x00000000eb480000, 0x0000000100000000)
  eden space 127488K, 42% used [0x00000000e0000000,0x00000000e34a8198,0x00000000e7c80000)
  from space 10752K, 85% used [0x00000000e7c80000,0x00000000e8584f08,0x00000000e8700000)
  to   space 11264K, 0% used [0x00000000ea980000,0x00000000ea980000,0x00000000eb480000)
 ParOldGen       total 100352K, used 8869K [0x00000000a0000000, 0x00000000a6200000, 0x00000000e0000000)
  object space 100352K, 8% used [0x00000000a0000000,0x00000000a08a96f0,0x00000000a6200000)
 Metaspace       used 34549K, capacity 35374K, committed 35416K, reserved 1079296K
  class space    used 4727K, capacity 4984K, committed 4992K, reserved 1048576K
Event: 7.952 GC heap after
Heap after GC invocations=7 (full 1):
 PSYoungGen      total 173056K, used 10892K [0x00000000e0000000, 0x00000000edc80000, 0x0000000100000000)
  eden space 161792K, 0% used [0x00000000e0000000,0x00000000e0000000,0x00000000e9e00000)
  from space 11264K, 96% used [0x00000000ea980000,0x00000000eb423278,0x00000000eb480000)
  to   space 11776K, 0% used [0x00000000e9e00000,0x00000000e9e00000,0x00000000ea980000)
 ParOldGen       total 100352K, used 8877K [0x00000000a0000000, 0x00000000a6200000, 0x00000000e0000000)
  object space 100352K, 8% used [0x00000000a0000000,0x00000000a08ab6f0,0x00000000a6200000)
 Metaspace       used 34549K, capacity 35374K, committed 35416K, reserved 1079296K
  class space    used 4727K, capacity 4984K, committed 4992K, reserved 1048576K
}
Event: 7.953 GC heap before
{Heap before GC invocations=8 (full 2):
 PSYoungGen      total 173056K, used 10892K [0x00000000e0000000, 0x00000000edc80000, 0x0000000100000000)
  eden space 161792K, 0% used [0x00000000e0000000,0x00000000e0000000,0x00000000e9e00000)
  from space 11264K, 96% used [0x00000000ea980000,0x00000000eb423278,0x00000000eb480000)
  to   space 11776K, 0% used [0x00000000e9e00000,0x00000000e9e00000,0x00000000ea980000)
 ParOldGen       total 100352K, used 8877K [0x00000000a0000000, 0x00000000a6200000, 0x00000000e0000000)
  object space 100352K, 8% used [0x00000000a0000000,0x00000000a08ab6f0,0x00000000a6200000)
 Metaspace       used 34549K, capacity 35374K, committed 35416K, reserved 1079296K
  class space    used 4727K, capacity 4984K, committed 4992K, reserved 1048576K
Event: 8.014 GC heap after
Heap after GC invocations=8 (full 2):
 PSYoungGen      total 173056K, used 0K [0x00000000e0000000, 0x00000000edc80000, 0x0000000100000000)
  eden space 161792K, 0% used [0x00000000e0000000,0x00000000e0000000,0x00000000e9e00000)
  from space 11264K, 0% used [0x00000000ea980000,0x00000000ea980000,0x00000000eb480000)
  to   space 11776K, 0% used [0x00000000e9e00000,0x00000000e9e00000,0x00000000ea980000)
 ParOldGen       total 100352K, used 17646K [0x00000000a0000000, 0x00000000a6200000, 0x00000000e0000000)
  object space 100352K, 17% used [0x00000000a0000000,0x00000000a113ba48,0x00000000a6200000)
 Metaspace       used 34549K, capacity 35374K, committed 35416K, reserved 1079296K
  class space    used 4727K, capacity 4984K, committed 4992K, reserved 1048576K
}
Event: 9.955 GC heap before
{Heap before GC invocations=9 (full 2):
 PSYoungGen      total 173056K, used 161792K [0x00000000e0000000, 0x00000000edc80000, 0x0000000100000000)
  eden space 161792K, 100% used [0x00000000e0000000,0x00000000e9e00000,0x00000000e9e00000)
  from space 11264K, 0% used [0x00000000ea980000,0x00000000ea980000,0x00000000eb480000)
  to   space 11776K, 0% used [0x00000000e9e00000,0x00000000e9e00000,0x00000000ea980000)
 ParOldGen       total 100352K, used 17646K [0x00000000a0000000, 0x00000000a6200000, 0x00000000e0000000)
  object space 100352K, 17% used [0x00000000a0000000,0x00000000a113ba48,0x00000000a6200000)
 Metaspace       used 47124K, capacity 48250K, committed 48472K, reserved 1091584K
  class space    used 6368K, capacity 6681K, committed 6784K, reserved 1048576K
Event: 9.977 GC heap after
Heap after GC invocations=9 (full 2):
 PSYoungGen      total 173568K, used 11761K [0x00000000e0000000, 0x00000000edc80000, 0x0000000100000000)
  eden space 161792K, 0% used [0x00000000e0000000,0x00000000e0000000,0x00000000e9e00000)
  from space 11776K, 99% used [0x00000000e9e00000,0x00000000ea97c400,0x00000000ea980000)
  to   space 11264K, 0% used [0x00000000ea980000,0x00000000ea980000,0x00000000eb480000)
 ParOldGen       total 100352K, used 23919K [0x00000000a0000000, 0x00000000a6200000, 0x00000000e0000000)
  object space 100352K, 23% used [0x00000000a0000000,0x00000000a175bfb8,0x00000000a6200000)
 Metaspace       used 47124K, capacity 48250K, committed 48472K, reserved 1091584K
  class space    used 6368K, capacity 6681K, committed 6784K, reserved 1048576K
}
Event: 12.314 GC heap before
{Heap before GC invocations=10 (full 2):
 PSYoungGen      total 173568K, used 173553K [0x00000000e0000000, 0x00000000edc80000, 0x0000000100000000)
  eden space 161792K, 100% used [0x00000000e0000000,0x00000000e9e00000,0x00000000e9e00000)
  from space 11776K, 99% used [0x00000000e9e00000,0x00000000ea97c400,0x00000000ea980000)
  to   space 11264K, 0% used [0x00000000ea980000,0x00000000ea980000,0x00000000eb480000)
 ParOldGen       total 100352K, used 23919K [0x00000000a0000000, 0x00000000a6200000, 0x00000000e0000000)
  object space 100352K, 23% used [0x00000000a0000000,0x00000000a175bfb8,0x00000000a6200000)
 Metaspace       used 54550K, capacity 56646K, committed 56792K, reserved 1097728K
  class space    used 7382K, capacity 7917K, committed 7936K, reserved 1048576K
Event: 12.335 GC heap after
Heap after GC invocations=10 (full 2):
 PSYoungGen      total 173056K, used 11237K [0x00000000e0000000, 0x00000000edc80000, 0x0000000100000000)
  eden space 161792K, 0% used [0x00000000e0000000,0x00000000e0000000,0x00000000e9e00000)
  from space 11264K, 99% used [0x00000000ea980000,0x00000000eb4794f0,0x00000000eb480000)
  to   space 11776K, 0% used [0x00000000e9e00000,0x00000000e9e00000,0x00000000ea980000)
 ParOldGen       total 100352K, used 43471K [0x00000000a0000000, 0x00000000a6200000, 0x00000000e0000000)
  object space 100352K, 43% used [0x00000000a0000000,0x00000000a2a73fe0,0x00000000a6200000)
 Metaspace       used 54550K, capacity 56646K, committed 56792K, reserved 1097728K
  class space    used 7382K, capacity 7917K, committed 7936K, reserved 1048576K
}

