# JRE version: OpenJDK Runtime Environment (8.0_152-b02) (build 1.8.0_152-release-1024-b02)
# Java VM: OpenJDK 64-Bit Server VM (25.152-b02 mixed mode windows-amd64 compressed oops)
Heap:
 PSYoungGen      total 177664K, used 20372K [0x00000000e0000000, 0x00000000edc80000, 0x0000000100000000)
  eden space 166400K, 12% used [0x00000000e0000000,0x00000000e13e5220,0x00000000ea280000)
  from space 11264K, 0% used [0x00000000eae80000,0x00000000eae80000,0x00000000eb980000)
  to   space 12288K, 0% used [0x00000000ea280000,0x00000000ea280000,0x00000000eae80000)
 ParOldGen       total 158208K, used 17813K [0x00000000a0000000, 0x00000000a9a80000, 0x00000000e0000000)
  object space 158208K, 11% used [0x00000000a0000000,0x00000000a11655a8,0x00000000a9a80000)
 Metaspace       used 37299K, capacity 38084K, committed 38616K, reserved 1083392K
  class space    used 5031K, capacity 5260K, committed 5376K, reserved 1048576K
GC Heap History (10 events):
Event: 4.416 GC heap before
{Heap before GC invocations=4 (full 1):
 PSYoungGen      total 75776K, used 8865K [0x00000000e0000000, 0x00000000e9400000, 0x0000000100000000)
  eden space 65024K, 0% used [0x00000000e0000000,0x00000000e0000000,0x00000000e3f80000)
  from space 10752K, 82% used [0x00000000e3f80000,0x00000000e48285c0,0x00000000e4a00000)
  to   space 10752K, 0% used [0x00000000e8980000,0x00000000e8980000,0x00000000e9400000)
 ParOldGen       total 173568K, used 277K [0x00000000a0000000, 0x00000000aa980000, 0x00000000e0000000)
  object space 173568K, 0% used [0x00000000a0000000,0x00000000a00456b0,0x00000000aa980000)
 Metaspace       used 20757K, capacity 21078K, committed 21248K, reserved 1067008K
  class space    used 2887K, capacity 2990K, committed 3072K, reserved 1048576K
Event: 4.448 GC heap after
Heap after GC invocations=4 (full 1):
 PSYoungGen      total 75776K, used 0K [0x00000000e0000000, 0x00000000e9400000, 0x0000000100000000)
  eden space 65024K, 0% used [0x00000000e0000000,0x00000000e0000000,0x00000000e3f80000)
  from space 10752K, 0% used [0x00000000e3f80000,0x00000000e3f80000,0x00000000e4a00000)
  to   space 10752K, 0% used [0x00000000e8980000,0x00000000e8980000,0x00000000e9400000)
 ParOldGen       total 99840K, used 8580K [0x00000000a0000000, 0x00000000a6180000, 0x00000000e0000000)
  object space 99840K, 8% used [0x00000000a0000000,0x00000000a0861208,0x00000000a6180000)
 Metaspace       used 20757K, capacity 21078K, committed 21248K, reserved 1067008K
  class space    used 2887K, capacity 2990K, committed 3072K, reserved 1048576K
}
Event: 5.148 GC heap before
{Heap before GC invocations=5 (full 1):
 PSYoungGen      total 75776K, used 64642K [0x00000000e0000000, 0x00000000e9400000, 0x0000000100000000)
  eden space 65024K, 99% used [0x00000000e0000000,0x00000000e3f20ae8,0x00000000e3f80000)
  from space 10752K, 0% used [0x00000000e3f80000,0x00000000e3f80000,0x00000000e4a00000)
  to   space 10752K, 0% used [0x00000000e8980000,0x00000000e8980000,0x00000000e9400000)
 ParOldGen       total 99840K, used 8580K [0x00000000a0000000, 0x00000000a6180000, 0x00000000e0000000)
  object space 99840K, 8% used [0x00000000a0000000,0x00000000a0861208,0x00000000a6180000)
 Metaspace       used 25514K, capacity 26036K, committed 26368K, reserved 1071104K
  class space    used 3555K, capacity 3715K, committed 3840K, reserved 1048576K
Event: 5.156 GC heap after
Heap after GC invocations=5 (full 1):
 PSYoungGen      total 113152K, used 7813K [0x00000000e0000000, 0x00000000e9180000, 0x0000000100000000)
  eden space 104960K, 0% used [0x00000000e0000000,0x00000000e0000000,0x00000000e6680000)
  from space 8192K, 95% used [0x00000000e8980000,0x00000000e9121460,0x00000000e9180000)
  to   space 10752K, 0% used [0x00000000e7c80000,0x00000000e7c80000,0x00000000e8700000)
 ParOldGen       total 99840K, used 8588K [0x00000000a0000000, 0x00000000a6180000, 0x00000000e0000000)
  object space 99840K, 8% used [0x00000000a0000000,0x00000000a0863208,0x00000000a6180000)
 Metaspace       used 25514K, capacity 26036K, committed 26368K, reserved 1071104K
  class space    used 3555K, capacity 3715K, committed 3840K, reserved 1048576K
}
Event: 6.342 GC heap before
{Heap before GC invocations=6 (full 1):
 PSYoungGen      total 113152K, used 112773K [0x00000000e0000000, 0x00000000e9180000, 0x0000000100000000)
  eden space 104960K, 100% used [0x00000000e0000000,0x00000000e6680000,0x00000000e6680000)
  from space 8192K, 95% used [0x00000000e8980000,0x00000000e9121460,0x00000000e9180000)
  to   space 10752K, 0% used [0x00000000e7c80000,0x00000000e7c80000,0x00000000e8700000)
 ParOldGen       total 99840K, used 8588K [0x00000000a0000000, 0x00000000a6180000, 0x00000000e0000000)
  object space 99840K, 8% used [0x00000000a0000000,0x00000000a0863208,0x00000000a6180000)
 Metaspace       used 30713K, capacity 31268K, committed 31616K, reserved 1077248K
  class space    used 4184K, capacity 4369K, committed 4480K, reserved 1048576K
Event: 6.351 GC heap after
Heap after GC invocations=6 (full 1):
 PSYoungGen      total 138240K, used 9139K [0x00000000e0000000, 0x00000000eb980000, 0x0000000100000000)
  eden space 127488K, 0% used [0x00000000e0000000,0x00000000e0000000,0x00000000e7c80000)
  from space 10752K, 85% used [0x00000000e7c80000,0x00000000e856cf18,0x00000000e8700000)
  to   space 11264K, 0% used [0x00000000eae80000,0x00000000eae80000,0x00000000eb980000)
 ParOldGen       total 99840K, used 8596K [0x00000000a0000000, 0x00000000a6180000, 0x00000000e0000000)
  object space 99840K, 8% used [0x00000000a0000000,0x00000000a0865208,0x00000000a6180000)
 Metaspace       used 30713K, capacity 31268K, committed 31616K, reserved 1077248K
  class space    used 4184K, capacity 4369K, committed 4480K, reserved 1048576K
}
Event: 7.436 GC heap before
{Heap before GC invocations=7 (full 1):
 PSYoungGen      total 138240K, used 63592K [0x00000000e0000000, 0x00000000eb980000, 0x0000000100000000)
  eden space 127488K, 42% used [0x00000000e0000000,0x00000000e352d298,0x00000000e7c80000)
  from space 10752K, 85% used [0x00000000e7c80000,0x00000000e856cf18,0x00000000e8700000)
  to   space 11264K, 0% used [0x00000000eae80000,0x00000000eae80000,0x00000000eb980000)
 ParOldGen       total 99840K, used 8596K [0x00000000a0000000, 0x00000000a6180000, 0x00000000e0000000)
  object space 99840K, 8% used [0x00000000a0000000,0x00000000a0865208,0x00000000a6180000)
 Metaspace       used 34631K, capacity 35286K, committed 35416K, reserved 1079296K
  class space    used 4736K, capacity 4968K, committed 4992K, reserved 1048576K
Event: 7.445 GC heap after
Heap after GC invocations=7 (full 1):
 PSYoungGen      total 177664K, used 11122K [0x00000000e0000000, 0x00000000edc80000, 0x0000000100000000)
  eden space 166400K, 0% used [0x00000000e0000000,0x00000000e0000000,0x00000000ea280000)
  from space 11264K, 98% used [0x00000000eae80000,0x00000000eb95c8b0,0x00000000eb980000)
  to   space 12288K, 0% used [0x00000000ea280000,0x00000000ea280000,0x00000000eae80000)
 ParOldGen       total 99840K, used 8668K [0x00000000a0000000, 0x00000000a6180000, 0x00000000e0000000)
  object space 99840K, 8% used [0x00000000a0000000,0x00000000a0877218,0x00000000a6180000)
 Metaspace       used 34631K, capacity 35286K, committed 35416K, reserved 1079296K
  class space    used 4736K, capacity 4968K, committed 4992K, reserved 1048576K
}
Event: 7.445 GC heap before
{Heap before GC invocations=8 (full 2):
 PSYoungGen      total 177664K, used 11122K [0x00000000e0000000, 0x00000000edc80000, 0x0000000100000000)
  eden space 166400K, 0% used [0x00000000e0000000,0x00000000e0000000,0x00000000ea280000)
  from space 11264K, 98% used [0x00000000eae80000,0x00000000eb95c8b0,0x00000000eb980000)
  to   space 12288K, 0% used [0x00000000ea280000,0x00000000ea280000,0x00000000eae80000)
 ParOldGen       total 99840K, used 8668K [0x00000000a0000000, 0x00000000a6180000, 0x00000000e0000000)
  object space 99840K, 8% used [0x00000000a0000000,0x00000000a0877218,0x00000000a6180000)
 Metaspace       used 34631K, capacity 35286K, committed 35416K, reserved 1079296K
  class space    used 4736K, capacity 4968K, committed 4992K, reserved 1048576K
Event: 7.493 GC heap after
Heap after GC invocations=8 (full 2):
 PSYoungGen      total 177664K, used 0K [0x00000000e0000000, 0x00000000edc80000, 0x0000000100000000)
  eden space 166400K, 0% used [0x00000000e0000000,0x00000000e0000000,0x00000000ea280000)
  from space 11264K, 0% used [0x00000000eae80000,0x00000000eae80000,0x00000000eb980000)
  to   space 12288K, 0% used [0x00000000ea280000,0x00000000ea280000,0x00000000eae80000)
 ParOldGen       total 158208K, used 17813K [0x00000000a0000000, 0x00000000a9a80000, 0x00000000e0000000)
  object space 158208K, 11% used [0x00000000a0000000,0x00000000a11655a8,0x00000000a9a80000)
 Metaspace       used 34631K, capacity 35286K, committed 35416K, reserved 1079296K
  class space    used 4736K, capacity 4968K, committed 4992K, reserved 1048576K
}

