# JRE version: OpenJDK Runtime Environment (8.0_152-b02) (build 1.8.0_152-release-1024-b02)
# Java VM: OpenJDK 64-Bit Server VM (25.152-b02 mixed mode windows-amd64 compressed oops)
Heap:
 PSYoungGen      total 112640K, used 86931K [0x00000000e0000000, 0x00000000ea580000, 0x0000000100000000)
  eden space 99328K, 76% used [0x00000000e0000000,0x00000000e4a18c08,0x00000000e6100000)
  from space 13312K, 83% used [0x00000000e6100000,0x00000000e6bcc3a8,0x00000000e6e00000)
  to   space 13824K, 0% used [0x00000000e9800000,0x00000000e9800000,0x00000000ea580000)
 ParOldGen       total 166400K, used 18470K [0x00000000a0000000, 0x00000000aa280000, 0x00000000e0000000)
  object space 166400K, 11% used [0x00000000a0000000,0x00000000a1209b58,0x00000000aa280000)
 Metaspace       used 47481K, capacity 48702K, committed 48896K, reserved 1091584K
  class space    used 6483K, capacity 6848K, committed 6912K, reserved 1048576K
GC Heap History (10 events):
Event: 5.450 GC heap before
{Heap before GC invocations=5 (full 1):
 PSYoungGen      total 75776K, used 65024K [0x00000000e0000000, 0x00000000e5480000, 0x0000000100000000)
  eden space 65024K, 100% used [0x00000000e0000000,0x00000000e3f80000,0x00000000e3f80000)
  from space 10752K, 0% used [0x00000000e3f80000,0x00000000e3f80000,0x00000000e4a00000)
  to   space 10752K, 0% used [0x00000000e4a00000,0x00000000e4a00000,0x00000000e5480000)
 ParOldGen       total 102400K, used 8756K [0x00000000a0000000, 0x00000000a6400000, 0x00000000e0000000)
  object space 102400K, 8% used [0x00000000a0000000,0x00000000a088d020,0x00000000a6400000)
 Metaspace       used 25958K, capacity 26562K, committed 26880K, reserved 1073152K
  class space    used 3619K, capacity 3771K, committed 3840K, reserved 1048576K
Event: 5.455 GC heap after
Heap after GC invocations=5 (full 1):
 PSYoungGen      total 75776K, used 6656K [0x00000000e0000000, 0x00000000e7700000, 0x0000000100000000)
  eden space 65024K, 0% used [0x00000000e0000000,0x00000000e0000000,0x00000000e3f80000)
  from space 10752K, 61% used [0x00000000e4a00000,0x00000000e50802b0,0x00000000e5480000)
  to   space 10752K, 0% used [0x00000000e3f80000,0x00000000e3f80000,0x00000000e4a00000)
 ParOldGen       total 102400K, used 8764K [0x00000000a0000000, 0x00000000a6400000, 0x00000000e0000000)
  object space 102400K, 8% used [0x00000000a0000000,0x00000000a088f020,0x00000000a6400000)
 Metaspace       used 25958K, capacity 26562K, committed 26880K, reserved 1073152K
  class space    used 3619K, capacity 3771K, committed 3840K, reserved 1048576K
}
Event: 6.283 GC heap before
{Heap before GC invocations=6 (full 1):
 PSYoungGen      total 75776K, used 71680K [0x00000000e0000000, 0x00000000e7700000, 0x0000000100000000)
  eden space 65024K, 100% used [0x00000000e0000000,0x00000000e3f80000,0x00000000e3f80000)
  from space 10752K, 61% used [0x00000000e4a00000,0x00000000e50802b0,0x00000000e5480000)
  to   space 10752K, 0% used [0x00000000e3f80000,0x00000000e3f80000,0x00000000e4a00000)
 ParOldGen       total 102400K, used 8764K [0x00000000a0000000, 0x00000000a6400000, 0x00000000e0000000)
  object space 102400K, 8% used [0x00000000a0000000,0x00000000a088f020,0x00000000a6400000)
 Metaspace       used 30284K, capacity 31004K, committed 31232K, reserved 1075200K
  class space    used 4261K, capacity 4485K, committed 4608K, reserved 1048576K
Event: 6.290 GC heap after
Heap after GC invocations=6 (full 1):
 PSYoungGen      total 75776K, used 10358K [0x00000000e0000000, 0x00000000e7a00000, 0x0000000100000000)
  eden space 65024K, 0% used [0x00000000e0000000,0x00000000e0000000,0x00000000e3f80000)
  from space 10752K, 96% used [0x00000000e3f80000,0x00000000e499db00,0x00000000e4a00000)
  to   space 12288K, 0% used [0x00000000e6e00000,0x00000000e6e00000,0x00000000e7a00000)
 ParOldGen       total 102400K, used 8772K [0x00000000a0000000, 0x00000000a6400000, 0x00000000e0000000)
  object space 102400K, 8% used [0x00000000a0000000,0x00000000a0891020,0x00000000a6400000)
 Metaspace       used 30284K, capacity 31004K, committed 31232K, reserved 1075200K
  class space    used 4261K, capacity 4485K, committed 4608K, reserved 1048576K
}
Event: 7.284 GC heap before
{Heap before GC invocations=7 (full 1):
 PSYoungGen      total 75776K, used 48512K [0x00000000e0000000, 0x00000000e7a00000, 0x0000000100000000)
  eden space 65024K, 58% used [0x00000000e0000000,0x00000000e25425c8,0x00000000e3f80000)
  from space 10752K, 96% used [0x00000000e3f80000,0x00000000e499db00,0x00000000e4a00000)
  to   space 12288K, 0% used [0x00000000e6e00000,0x00000000e6e00000,0x00000000e7a00000)
 ParOldGen       total 102400K, used 8772K [0x00000000a0000000, 0x00000000a6400000, 0x00000000e0000000)
  object space 102400K, 8% used [0x00000000a0000000,0x00000000a0891020,0x00000000a6400000)
 Metaspace       used 34372K, capacity 35336K, committed 35416K, reserved 1079296K
  class space    used 4819K, capacity 5103K, committed 5120K, reserved 1048576K
Event: 7.293 GC heap after
Heap after GC invocations=7 (full 1):
 PSYoungGen      total 111616K, used 11731K [0x00000000e0000000, 0x00000000e7c80000, 0x0000000100000000)
  eden space 99328K, 0% used [0x00000000e0000000,0x00000000e0000000,0x00000000e6100000)
  from space 12288K, 95% used [0x00000000e6e00000,0x00000000e7974f90,0x00000000e7a00000)
  to   space 13312K, 0% used [0x00000000e6100000,0x00000000e6100000,0x00000000e6e00000)
 ParOldGen       total 102400K, used 8780K [0x00000000a0000000, 0x00000000a6400000, 0x00000000e0000000)
  object space 102400K, 8% used [0x00000000a0000000,0x00000000a0893020,0x00000000a6400000)
 Metaspace       used 34372K, capacity 35336K, committed 35416K, reserved 1079296K
  class space    used 4819K, capacity 5103K, committed 5120K, reserved 1048576K
}
Event: 7.293 GC heap before
{Heap before GC invocations=8 (full 2):
 PSYoungGen      total 111616K, used 11731K [0x00000000e0000000, 0x00000000e7c80000, 0x0000000100000000)
  eden space 99328K, 0% used [0x00000000e0000000,0x00000000e0000000,0x00000000e6100000)
  from space 12288K, 95% used [0x00000000e6e00000,0x00000000e7974f90,0x00000000e7a00000)
  to   space 13312K, 0% used [0x00000000e6100000,0x00000000e6100000,0x00000000e6e00000)
 ParOldGen       total 102400K, used 8780K [0x00000000a0000000, 0x00000000a6400000, 0x00000000e0000000)
  object space 102400K, 8% used [0x00000000a0000000,0x00000000a0893020,0x00000000a6400000)
 Metaspace       used 34372K, capacity 35336K, committed 35416K, reserved 1079296K
  class space    used 4819K, capacity 5103K, committed 5120K, reserved 1048576K
Event: 7.339 GC heap after
Heap after GC invocations=8 (full 2):
 PSYoungGen      total 111616K, used 0K [0x00000000e0000000, 0x00000000e7c80000, 0x0000000100000000)
  eden space 99328K, 0% used [0x00000000e0000000,0x00000000e0000000,0x00000000e6100000)
  from space 12288K, 0% used [0x00000000e6e00000,0x00000000e6e00000,0x00000000e7a00000)
  to   space 13312K, 0% used [0x00000000e6100000,0x00000000e6100000,0x00000000e6e00000)
 ParOldGen       total 166400K, used 18462K [0x00000000a0000000, 0x00000000aa280000, 0x00000000e0000000)
  object space 166400K, 11% used [0x00000000a0000000,0x00000000a1207b58,0x00000000aa280000)
 Metaspace       used 34372K, capacity 35336K, committed 35416K, reserved 1079296K
  class space    used 4819K, capacity 5103K, committed 5120K, reserved 1048576K
}
Event: 8.197 GC heap before
{Heap before GC invocations=9 (full 2):
 PSYoungGen      total 111616K, used 99328K [0x00000000e0000000, 0x00000000e7c80000, 0x0000000100000000)
  eden space 99328K, 100% used [0x00000000e0000000,0x00000000e6100000,0x00000000e6100000)
  from space 12288K, 0% used [0x00000000e6e00000,0x00000000e6e00000,0x00000000e7a00000)
  to   space 13312K, 0% used [0x00000000e6100000,0x00000000e6100000,0x00000000e6e00000)
 ParOldGen       total 166400K, used 18462K [0x00000000a0000000, 0x00000000aa280000, 0x00000000e0000000)
  object space 166400K, 11% used [0x00000000a0000000,0x00000000a1207b58,0x00000000aa280000)
 Metaspace       used 41148K, capacity 42236K, committed 42368K, reserved 1085440K
  class space    used 5635K, capacity 5965K, committed 6016K, reserved 1048576K
Event: 8.206 GC heap after
Heap after GC invocations=9 (full 2):
 PSYoungGen      total 112640K, used 11056K [0x00000000e0000000, 0x00000000ea580000, 0x0000000100000000)
  eden space 99328K, 0% used [0x00000000e0000000,0x00000000e0000000,0x00000000e6100000)
  from space 13312K, 83% used [0x00000000e6100000,0x00000000e6bcc3a8,0x00000000e6e00000)
  to   space 13824K, 0% used [0x00000000e9800000,0x00000000e9800000,0x00000000ea580000)
 ParOldGen       total 166400K, used 18470K [0x00000000a0000000, 0x00000000aa280000, 0x00000000e0000000)
  object space 166400K, 11% used [0x00000000a0000000,0x00000000a1209b58,0x00000000aa280000)
 Metaspace       used 41148K, capacity 42236K, committed 42368K, reserved 1085440K
  class space    used 5635K, capacity 5965K, committed 6016K, reserved 1048576K
}

