# JRE version: OpenJDK Runtime Environment (8.0_152-b02) (build 1.8.0_152-release-1024-b02)
# Java VM: OpenJDK 64-Bit Server VM (25.152-b02 mixed mode windows-amd64 compressed oops)
Heap:
 PSYoungGen      total 114176K, used 42953K [0x00000000e0000000, 0x00000000eb600000, 0x0000000100000000)
  eden space 100864K, 31% used [0x00000000e0000000,0x00000000e1f17720,0x00000000e6280000)
  from space 13312K, 83% used [0x00000000e6280000,0x00000000e6d5b078,0x00000000e6f80000)
  to   space 13824K, 0% used [0x00000000ea880000,0x00000000ea880000,0x00000000eb600000)
 ParOldGen       total 162816K, used 18471K [0x00000000a0000000, 0x00000000a9f00000, 0x00000000e0000000)
  object space 162816K, 11% used [0x00000000a0000000,0x00000000a1209e20,0x00000000a9f00000)
 Metaspace       used 42763K, capacity 43928K, committed 44248K, reserved 1087488K
  class space    used 5884K, capacity 6243K, committed 6360K, reserved 1048576K
GC Heap History (10 events):
Event: 5.445 GC heap before
{Heap before GC invocations=5 (full 1):
 PSYoungGen      total 75776K, used 65024K [0x00000000e0000000, 0x00000000e5480000, 0x0000000100000000)
  eden space 65024K, 100% used [0x00000000e0000000,0x00000000e3f80000,0x00000000e3f80000)
  from space 10752K, 0% used [0x00000000e3f80000,0x00000000e3f80000,0x00000000e4a00000)
  to   space 10752K, 0% used [0x00000000e4a00000,0x00000000e4a00000,0x00000000e5480000)
 ParOldGen       total 101376K, used 8750K [0x00000000a0000000, 0x00000000a6300000, 0x00000000e0000000)
  object space 101376K, 8% used [0x00000000a0000000,0x00000000a088b838,0x00000000a6300000)
 Metaspace       used 25959K, capacity 26562K, committed 26880K, reserved 1073152K
  class space    used 3621K, capacity 3771K, committed 3840K, reserved 1048576K
Event: 5.449 GC heap after
Heap after GC invocations=5 (full 1):
 PSYoungGen      total 75776K, used 6583K [0x00000000e0000000, 0x00000000e7800000, 0x0000000100000000)
  eden space 65024K, 0% used [0x00000000e0000000,0x00000000e0000000,0x00000000e3f80000)
  from space 10752K, 61% used [0x00000000e4a00000,0x00000000e506def8,0x00000000e5480000)
  to   space 10752K, 0% used [0x00000000e3f80000,0x00000000e3f80000,0x00000000e4a00000)
 ParOldGen       total 101376K, used 8758K [0x00000000a0000000, 0x00000000a6300000, 0x00000000e0000000)
  object space 101376K, 8% used [0x00000000a0000000,0x00000000a088d838,0x00000000a6300000)
 Metaspace       used 25959K, capacity 26562K, committed 26880K, reserved 1073152K
  class space    used 3621K, capacity 3771K, committed 3840K, reserved 1048576K
}
Event: 6.529 GC heap before
{Heap before GC invocations=6 (full 1):
 PSYoungGen      total 75776K, used 71607K [0x00000000e0000000, 0x00000000e7800000, 0x0000000100000000)
  eden space 65024K, 100% used [0x00000000e0000000,0x00000000e3f80000,0x00000000e3f80000)
  from space 10752K, 61% used [0x00000000e4a00000,0x00000000e506def8,0x00000000e5480000)
  to   space 10752K, 0% used [0x00000000e3f80000,0x00000000e3f80000,0x00000000e4a00000)
 ParOldGen       total 101376K, used 8758K [0x00000000a0000000, 0x00000000a6300000, 0x00000000e0000000)
  object space 101376K, 8% used [0x00000000a0000000,0x00000000a088d838,0x00000000a6300000)
 Metaspace       used 30282K, capacity 31004K, committed 31232K, reserved 1075200K
  class space    used 4266K, capacity 4485K, committed 4608K, reserved 1048576K
Event: 6.539 GC heap after
Heap after GC invocations=6 (full 1):
 PSYoungGen      total 75776K, used 10294K [0x00000000e0000000, 0x00000000e7b80000, 0x0000000100000000)
  eden space 65024K, 0% used [0x00000000e0000000,0x00000000e0000000,0x00000000e3f80000)
  from space 10752K, 95% used [0x00000000e3f80000,0x00000000e498daf8,0x00000000e4a00000)
  to   space 12288K, 0% used [0x00000000e6f80000,0x00000000e6f80000,0x00000000e7b80000)
 ParOldGen       total 101376K, used 8766K [0x00000000a0000000, 0x00000000a6300000, 0x00000000e0000000)
  object space 101376K, 8% used [0x00000000a0000000,0x00000000a088f838,0x00000000a6300000)
 Metaspace       used 30282K, capacity 31004K, committed 31232K, reserved 1075200K
  class space    used 4266K, capacity 4485K, committed 4608K, reserved 1048576K
}
Event: 7.627 GC heap before
{Heap before GC invocations=7 (full 1):
 PSYoungGen      total 75776K, used 48670K [0x00000000e0000000, 0x00000000e7b80000, 0x0000000100000000)
  eden space 65024K, 59% used [0x00000000e0000000,0x00000000e2579ee8,0x00000000e3f80000)
  from space 10752K, 95% used [0x00000000e3f80000,0x00000000e498daf8,0x00000000e4a00000)
  to   space 12288K, 0% used [0x00000000e6f80000,0x00000000e6f80000,0x00000000e7b80000)
 ParOldGen       total 101376K, used 8766K [0x00000000a0000000, 0x00000000a6300000, 0x00000000e0000000)
  object space 101376K, 8% used [0x00000000a0000000,0x00000000a088f838,0x00000000a6300000)
 Metaspace       used 34369K, capacity 35304K, committed 35416K, reserved 1079296K
  class space    used 4827K, capacity 5135K, committed 5208K, reserved 1048576K
Event: 7.637 GC heap after
Heap after GC invocations=7 (full 1):
 PSYoungGen      total 113152K, used 11757K [0x00000000e0000000, 0x00000000e7d80000, 0x0000000100000000)
  eden space 100864K, 0% used [0x00000000e0000000,0x00000000e0000000,0x00000000e6280000)
  from space 12288K, 95% used [0x00000000e6f80000,0x00000000e7afb540,0x00000000e7b80000)
  to   space 13312K, 0% used [0x00000000e6280000,0x00000000e6280000,0x00000000e6f80000)
 ParOldGen       total 101376K, used 8774K [0x00000000a0000000, 0x00000000a6300000, 0x00000000e0000000)
  object space 101376K, 8% used [0x00000000a0000000,0x00000000a0891838,0x00000000a6300000)
 Metaspace       used 34369K, capacity 35304K, committed 35416K, reserved 1079296K
  class space    used 4827K, capacity 5135K, committed 5208K, reserved 1048576K
}
Event: 7.637 GC heap before
{Heap before GC invocations=8 (full 2):
 PSYoungGen      total 113152K, used 11757K [0x00000000e0000000, 0x00000000e7d80000, 0x0000000100000000)
  eden space 100864K, 0% used [0x00000000e0000000,0x00000000e0000000,0x00000000e6280000)
  from space 12288K, 95% used [0x00000000e6f80000,0x00000000e7afb540,0x00000000e7b80000)
  to   space 13312K, 0% used [0x00000000e6280000,0x00000000e6280000,0x00000000e6f80000)
 ParOldGen       total 101376K, used 8774K [0x00000000a0000000, 0x00000000a6300000, 0x00000000e0000000)
  object space 101376K, 8% used [0x00000000a0000000,0x00000000a0891838,0x00000000a6300000)
 Metaspace       used 34369K, capacity 35304K, committed 35416K, reserved 1079296K
  class space    used 4827K, capacity 5135K, committed 5208K, reserved 1048576K
Event: 7.683 GC heap after
Heap after GC invocations=8 (full 2):
 PSYoungGen      total 113152K, used 0K [0x00000000e0000000, 0x00000000e7d80000, 0x0000000100000000)
  eden space 100864K, 0% used [0x00000000e0000000,0x00000000e0000000,0x00000000e6280000)
  from space 12288K, 0% used [0x00000000e6f80000,0x00000000e6f80000,0x00000000e7b80000)
  to   space 13312K, 0% used [0x00000000e6280000,0x00000000e6280000,0x00000000e6f80000)
 ParOldGen       total 162816K, used 18463K [0x00000000a0000000, 0x00000000a9f00000, 0x00000000e0000000)
  object space 162816K, 11% used [0x00000000a0000000,0x00000000a1207e20,0x00000000a9f00000)
 Metaspace       used 34369K, capacity 35304K, committed 35416K, reserved 1079296K
  class space    used 4827K, capacity 5135K, committed 5208K, reserved 1048576K
}
Event: 8.652 GC heap before
{Heap before GC invocations=9 (full 2):
 PSYoungGen      total 113152K, used 100864K [0x00000000e0000000, 0x00000000e7d80000, 0x0000000100000000)
  eden space 100864K, 100% used [0x00000000e0000000,0x00000000e6280000,0x00000000e6280000)
  from space 12288K, 0% used [0x00000000e6f80000,0x00000000e6f80000,0x00000000e7b80000)
  to   space 13312K, 0% used [0x00000000e6280000,0x00000000e6280000,0x00000000e6f80000)
 ParOldGen       total 162816K, used 18463K [0x00000000a0000000, 0x00000000a9f00000, 0x00000000e0000000)
  object space 162816K, 11% used [0x00000000a0000000,0x00000000a1207e20,0x00000000a9f00000)
 Metaspace       used 41266K, capacity 42284K, committed 42456K, reserved 1085440K
  class space    used 5667K, capacity 6001K, committed 6104K, reserved 1048576K
Event: 8.685 GC heap after
Heap after GC invocations=9 (full 2):
 PSYoungGen      total 114176K, used 11116K [0x00000000e0000000, 0x00000000eb600000, 0x0000000100000000)
  eden space 100864K, 0% used [0x00000000e0000000,0x00000000e0000000,0x00000000e6280000)
  from space 13312K, 83% used [0x00000000e6280000,0x00000000e6d5b078,0x00000000e6f80000)
  to   space 13824K, 0% used [0x00000000ea880000,0x00000000ea880000,0x00000000eb600000)
 ParOldGen       total 162816K, used 18471K [0x00000000a0000000, 0x00000000a9f00000, 0x00000000e0000000)
  object space 162816K, 11% used [0x00000000a0000000,0x00000000a1209e20,0x00000000a9f00000)
 Metaspace       used 41266K, capacity 42284K, committed 42456K, reserved 1085440K
  class space    used 5667K, capacity 6001K, committed 6104K, reserved 1048576K
}

