# JRE version: OpenJDK Runtime Environment (8.0_152-b02) (build 1.8.0_152-release-1024-b02)
# Java VM: OpenJDK 64-Bit Server VM (25.152-b02 mixed mode windows-amd64 compressed oops)
Heap:
 PSYoungGen      total 284672K, used 86217K [0x00000000e0000000, 0x00000000f3800000, 0x0000000100000000)
  eden space 266752K, 25% used [0x00000000e0000000,0x00000000e42b72f8,0x00000000f0480000)
  from space 17920K, 99% used [0x00000000f1d80000,0x00000000f2efb4f0,0x00000000f2f00000)
  to   space 25600K, 0% used [0x00000000f0480000,0x00000000f0480000,0x00000000f1d80000)
 ParOldGen       total 129536K, used 31746K [0x00000000a0000000, 0x00000000a7e80000, 0x00000000e0000000)
  object space 129536K, 24% used [0x00000000a0000000,0x00000000a1f00918,0x00000000a7e80000)
 Metaspace       used 55308K, capacity 57414K, committed 57560K, reserved 1099776K
  class space    used 7615K, capacity 8119K, committed 8152K, reserved 1048576K
GC Heap History (10 events):
Event: 9.023 GC heap before
{Heap before GC invocations=6 (full 1):
 PSYoungGen      total 108544K, used 108457K [0x00000000e0000000, 0x00000000e9000000, 0x0000000100000000)
  eden space 101888K, 100% used [0x00000000e0000000,0x00000000e6380000,0x00000000e6380000)
  from space 6656K, 98% used [0x00000000e8980000,0x00000000e8fea648,0x00000000e9000000)
  to   space 10752K, 0% used [0x00000000e7b00000,0x00000000e7b00000,0x00000000e8580000)
 ParOldGen       total 100352K, used 8758K [0x00000000a0000000, 0x00000000a6200000, 0x00000000e0000000)
  object space 100352K, 8% used [0x00000000a0000000,0x00000000a088d9c0,0x00000000a6200000)
 Metaspace       used 33768K, capacity 34646K, committed 34816K, reserved 1079296K
  class space    used 4753K, capacity 5022K, committed 5120K, reserved 1048576K
Event: 9.034 GC heap after
Heap after GC invocations=6 (full 1):
 PSYoungGen      total 136704K, used 10745K [0x00000000e0000000, 0x00000000eb600000, 0x0000000100000000)
  eden space 125952K, 0% used [0x00000000e0000000,0x00000000e0000000,0x00000000e7b00000)
  from space 10752K, 99% used [0x00000000e7b00000,0x00000000e857e5c8,0x00000000e8580000)
  to   space 15360K, 0% used [0x00000000ea700000,0x00000000ea700000,0x00000000eb600000)
 ParOldGen       total 100352K, used 12881K [0x00000000a0000000, 0x00000000a6200000, 0x00000000e0000000)
  object space 100352K, 12% used [0x00000000a0000000,0x00000000a0c945f0,0x00000000a6200000)
 Metaspace       used 33768K, capacity 34646K, committed 34816K, reserved 1079296K
  class space    used 4753K, capacity 5022K, committed 5120K, reserved 1048576K
}
Event: 9.074 GC heap before
{Heap before GC invocations=7 (full 1):
 PSYoungGen      total 136704K, used 13227K [0x00000000e0000000, 0x00000000eb600000, 0x0000000100000000)
  eden space 125952K, 1% used [0x00000000e0000000,0x00000000e026c870,0x00000000e7b00000)
  from space 10752K, 99% used [0x00000000e7b00000,0x00000000e857e5c8,0x00000000e8580000)
  to   space 15360K, 0% used [0x00000000ea700000,0x00000000ea700000,0x00000000eb600000)
 ParOldGen       total 100352K, used 12881K [0x00000000a0000000, 0x00000000a6200000, 0x00000000e0000000)
  object space 100352K, 12% used [0x00000000a0000000,0x00000000a0c945f0,0x00000000a6200000)
 Metaspace       used 34371K, capacity 35304K, committed 35416K, reserved 1079296K
  class space    used 4828K, capacity 5135K, committed 5208K, reserved 1048576K
Event: 9.081 GC heap after
Heap after GC invocations=7 (full 1):
 PSYoungGen      total 171520K, used 9792K [0x00000000e0000000, 0x00000000efc80000, 0x0000000100000000)
  eden space 156160K, 0% used [0x00000000e0000000,0x00000000e0000000,0x00000000e9880000)
  from space 15360K, 63% used [0x00000000ea700000,0x00000000eb090020,0x00000000eb600000)
  to   space 14848K, 0% used [0x00000000e9880000,0x00000000e9880000,0x00000000ea700000)
 ParOldGen       total 100352K, used 12881K [0x00000000a0000000, 0x00000000a6200000, 0x00000000e0000000)
  object space 100352K, 12% used [0x00000000a0000000,0x00000000a0c945f0,0x00000000a6200000)
 Metaspace       used 34371K, capacity 35304K, committed 35416K, reserved 1079296K
  class space    used 4828K, capacity 5135K, committed 5208K, reserved 1048576K
}
Event: 9.081 GC heap before
{Heap before GC invocations=8 (full 2):
 PSYoungGen      total 171520K, used 9792K [0x00000000e0000000, 0x00000000efc80000, 0x0000000100000000)
  eden space 156160K, 0% used [0x00000000e0000000,0x00000000e0000000,0x00000000e9880000)
  from space 15360K, 63% used [0x00000000ea700000,0x00000000eb090020,0x00000000eb600000)
  to   space 14848K, 0% used [0x00000000e9880000,0x00000000e9880000,0x00000000ea700000)
 ParOldGen       total 100352K, used 12881K [0x00000000a0000000, 0x00000000a6200000, 0x00000000e0000000)
  object space 100352K, 12% used [0x00000000a0000000,0x00000000a0c945f0,0x00000000a6200000)
 Metaspace       used 34371K, capacity 35304K, committed 35416K, reserved 1079296K
  class space    used 4828K, capacity 5135K, committed 5208K, reserved 1048576K
Event: 9.125 GC heap after
Heap after GC invocations=8 (full 2):
 PSYoungGen      total 171520K, used 0K [0x00000000e0000000, 0x00000000efc80000, 0x0000000100000000)
  eden space 156160K, 0% used [0x00000000e0000000,0x00000000e0000000,0x00000000e9880000)
  from space 15360K, 0% used [0x00000000ea700000,0x00000000ea700000,0x00000000eb600000)
  to   space 14848K, 0% used [0x00000000e9880000,0x00000000e9880000,0x00000000ea700000)
 ParOldGen       total 129536K, used 16607K [0x00000000a0000000, 0x00000000a7e80000, 0x00000000e0000000)
  object space 129536K, 12% used [0x00000000a0000000,0x00000000a1037cc0,0x00000000a7e80000)
 Metaspace       used 34371K, capacity 35304K, committed 35416K, reserved 1079296K
  class space    used 4828K, capacity 5135K, committed 5208K, reserved 1048576K
}
Event: 10.905 GC heap before
{Heap before GC invocations=9 (full 2):
 PSYoungGen      total 171520K, used 156160K [0x00000000e0000000, 0x00000000efc80000, 0x0000000100000000)
  eden space 156160K, 100% used [0x00000000e0000000,0x00000000e9880000,0x00000000e9880000)
  from space 15360K, 0% used [0x00000000ea700000,0x00000000ea700000,0x00000000eb600000)
  to   space 14848K, 0% used [0x00000000e9880000,0x00000000e9880000,0x00000000ea700000)
 ParOldGen       total 129536K, used 16607K [0x00000000a0000000, 0x00000000a7e80000, 0x00000000e0000000)
  object space 129536K, 12% used [0x00000000a0000000,0x00000000a1037cc0,0x00000000a7e80000)
 Metaspace       used 47325K, capacity 48526K, committed 48856K, reserved 1091584K
  class space    used 6489K, capacity 6840K, committed 6872K, reserved 1048576K
Event: 10.919 GC heap after
Heap after GC invocations=9 (full 2):
 PSYoungGen      total 171008K, used 14835K [0x00000000e0000000, 0x00000000f2f00000, 0x0000000100000000)
  eden space 156160K, 0% used [0x00000000e0000000,0x00000000e0000000,0x00000000e9880000)
  from space 14848K, 99% used [0x00000000e9880000,0x00000000ea6fcea8,0x00000000ea700000)
  to   space 17920K, 0% used [0x00000000f1d80000,0x00000000f1d80000,0x00000000f2f00000)
 ParOldGen       total 129536K, used 19637K [0x00000000a0000000, 0x00000000a7e80000, 0x00000000e0000000)
  object space 129536K, 15% used [0x00000000a0000000,0x00000000a132d640,0x00000000a7e80000)
 Metaspace       used 47325K, capacity 48526K, committed 48856K, reserved 1091584K
  class space    used 6489K, capacity 6840K, committed 6872K, reserved 1048576K
}
Event: 13.060 GC heap before
{Heap before GC invocations=10 (full 2):
 PSYoungGen      total 171008K, used 170995K [0x00000000e0000000, 0x00000000f2f00000, 0x0000000100000000)
  eden space 156160K, 100% used [0x00000000e0000000,0x00000000e9880000,0x00000000e9880000)
  from space 14848K, 99% used [0x00000000e9880000,0x00000000ea6fcea8,0x00000000ea700000)
  to   space 17920K, 0% used [0x00000000f1d80000,0x00000000f1d80000,0x00000000f2f00000)
 ParOldGen       total 129536K, used 19637K [0x00000000a0000000, 0x00000000a7e80000, 0x00000000e0000000)
  object space 129536K, 15% used [0x00000000a0000000,0x00000000a132d640,0x00000000a7e80000)
 Metaspace       used 54061K, capacity 56078K, committed 56408K, reserved 1097728K
  class space    used 7429K, capacity 7945K, committed 8024K, reserved 1048576K
Event: 13.082 GC heap after
Heap after GC invocations=10 (full 2):
 PSYoungGen      total 284672K, used 17901K [0x00000000e0000000, 0x00000000f3800000, 0x0000000100000000)
  eden space 266752K, 0% used [0x00000000e0000000,0x00000000e0000000,0x00000000f0480000)
  from space 17920K, 99% used [0x00000000f1d80000,0x00000000f2efb4f0,0x00000000f2f00000)
  to   space 25600K, 0% used [0x00000000f0480000,0x00000000f0480000,0x00000000f1d80000)
 ParOldGen       total 129536K, used 31746K [0x00000000a0000000, 0x00000000a7e80000, 0x00000000e0000000)
  object space 129536K, 24% used [0x00000000a0000000,0x00000000a1f00918,0x00000000a7e80000)
 Metaspace       used 54061K, capacity 56078K, committed 56408K, reserved 1097728K
  class space    used 7429K, capacity 7945K, committed 8024K, reserved 1048576K
}

