# JRE version: OpenJDK Runtime Environment (8.0_152-b02) (build 1.8.0_152-release-1024-b02)
# Java VM: OpenJDK 64-Bit Server VM (25.152-b02 mixed mode windows-amd64 compressed oops)
Heap:
 PSYoungGen      total 248832K, used 40762K [0x00000000e0000000, 0x00000000f1380000, 0x0000000100000000)
  eden space 224768K, 7% used [0x00000000e0000000,0x00000000e1051748,0x00000000edb80000)
  from space 24064K, 99% used [0x00000000edb80000,0x00000000ef2fd138,0x00000000ef300000)
  to   space 15872K, 0% used [0x00000000ef300000,0x00000000ef300000,0x00000000f0280000)
 ParOldGen       total 159744K, used 103932K [0x00000000a0000000, 0x00000000a9c00000, 0x00000000e0000000)
  object space 159744K, 65% used [0x00000000a0000000,0x00000000a657f358,0x00000000a9c00000)
 Metaspace       used 69324K, capacity 71586K, committed 71768K, reserved 1112064K
  class space    used 9049K, capacity 9585K, committed 9600K, reserved 1048576K
GC Heap History (10 events):
Event: 11.943 GC heap before
{Heap before GC invocations=10 (full 2):
 PSYoungGen      total 173056K, used 173027K [0x00000000e0000000, 0x00000000f0280000, 0x0000000100000000)
  eden space 161280K, 100% used [0x00000000e0000000,0x00000000e9d80000,0x00000000e9d80000)
  from space 11776K, 99% used [0x00000000e9d80000,0x00000000ea8f8ca0,0x00000000ea900000)
  to   space 15872K, 0% used [0x00000000ef300000,0x00000000ef300000,0x00000000f0280000)
 ParOldGen       total 159744K, used 23809K [0x00000000a0000000, 0x00000000a9c00000, 0x00000000e0000000)
  object space 159744K, 14% used [0x00000000a0000000,0x00000000a1740420,0x00000000a9c00000)
 Metaspace       used 54542K, capacity 56634K, committed 56792K, reserved 1097728K
  class space    used 7381K, capacity 7917K, committed 7936K, reserved 1048576K
Event: 11.965 GC heap after
Heap after GC invocations=10 (full 2):
 PSYoungGen      total 240640K, used 15845K [0x00000000e0000000, 0x00000000f1380000, 0x0000000100000000)
  eden space 224768K, 0% used [0x00000000e0000000,0x00000000e0000000,0x00000000edb80000)
  from space 15872K, 99% used [0x00000000ef300000,0x00000000f02794d0,0x00000000f0280000)
  to   space 24064K, 0% used [0x00000000edb80000,0x00000000edb80000,0x00000000ef300000)
 ParOldGen       total 159744K, used 38804K [0x00000000a0000000, 0x00000000a9c00000, 0x00000000e0000000)
  object space 159744K, 24% used [0x00000000a0000000,0x00000000a25e51c8,0x00000000a9c00000)
 Metaspace       used 54542K, capacity 56634K, committed 56792K, reserved 1097728K
  class space    used 7381K, capacity 7917K, committed 7936K, reserved 1048576K
}
Event: 12.562 GC heap before
{Heap before GC invocations=11 (full 2):
 PSYoungGen      total 240640K, used 50822K [0x00000000e0000000, 0x00000000f1380000, 0x0000000100000000)
  eden space 224768K, 15% used [0x00000000e0000000,0x00000000e22284a8,0x00000000edb80000)
  from space 15872K, 99% used [0x00000000ef300000,0x00000000f02794d0,0x00000000f0280000)
  to   space 24064K, 0% used [0x00000000edb80000,0x00000000edb80000,0x00000000ef300000)
 ParOldGen       total 159744K, used 38804K [0x00000000a0000000, 0x00000000a9c00000, 0x00000000e0000000)
  object space 159744K, 24% used [0x00000000a0000000,0x00000000a25e51c8,0x00000000a9c00000)
 Metaspace       used 56703K, capacity 58790K, committed 58968K, reserved 1099776K
  class space    used 7683K, capacity 8221K, committed 8320K, reserved 1048576K
Event: 12.577 GC heap after
Heap after GC invocations=11 (full 2):
 PSYoungGen      total 248832K, used 19733K [0x00000000e0000000, 0x00000000f1380000, 0x0000000100000000)
  eden space 224768K, 0% used [0x00000000e0000000,0x00000000e0000000,0x00000000edb80000)
  from space 24064K, 82% used [0x00000000edb80000,0x00000000eeec54b8,0x00000000ef300000)
  to   space 15872K, 0% used [0x00000000ef300000,0x00000000ef300000,0x00000000f0280000)
 ParOldGen       total 159744K, used 38831K [0x00000000a0000000, 0x00000000a9c00000, 0x00000000e0000000)
  object space 159744K, 24% used [0x00000000a0000000,0x00000000a25ebe18,0x00000000a9c00000)
 Metaspace       used 56703K, capacity 58790K, committed 58968K, reserved 1099776K
  class space    used 7683K, capacity 8221K, committed 8320K, reserved 1048576K
}
Event: 12.577 GC heap before
{Heap before GC invocations=12 (full 3):
 PSYoungGen      total 248832K, used 19733K [0x00000000e0000000, 0x00000000f1380000, 0x0000000100000000)
  eden space 224768K, 0% used [0x00000000e0000000,0x00000000e0000000,0x00000000edb80000)
  from space 24064K, 82% used [0x00000000edb80000,0x00000000eeec54b8,0x00000000ef300000)
  to   space 15872K, 0% used [0x00000000ef300000,0x00000000ef300000,0x00000000f0280000)
 ParOldGen       total 159744K, used 38831K [0x00000000a0000000, 0x00000000a9c00000, 0x00000000e0000000)
  object space 159744K, 24% used [0x00000000a0000000,0x00000000a25ebe18,0x00000000a9c00000)
 Metaspace       used 56703K, capacity 58790K, committed 58968K, reserved 1099776K
  class space    used 7683K, capacity 8221K, committed 8320K, reserved 1048576K
Event: 12.848 GC heap after
Heap after GC invocations=12 (full 3):
 PSYoungGen      total 248832K, used 0K [0x00000000e0000000, 0x00000000f1380000, 0x0000000100000000)
  eden space 224768K, 0% used [0x00000000e0000000,0x00000000e0000000,0x00000000edb80000)
  from space 24064K, 0% used [0x00000000edb80000,0x00000000edb80000,0x00000000ef300000)
  to   space 15872K, 0% used [0x00000000ef300000,0x00000000ef300000,0x00000000f0280000)
 ParOldGen       total 159744K, used 43554K [0x00000000a0000000, 0x00000000a9c00000, 0x00000000e0000000)
  object space 159744K, 27% used [0x00000000a0000000,0x00000000a2a88b00,0x00000000a9c00000)
 Metaspace       used 56703K, capacity 58790K, committed 58968K, reserved 1099776K
  class space    used 7683K, capacity 8221K, committed 8320K, reserved 1048576K
}
Event: 28.269 GC heap before
{Heap before GC invocations=13 (full 3):
 PSYoungGen      total 248832K, used 224768K [0x00000000e0000000, 0x00000000f1380000, 0x0000000100000000)
  eden space 224768K, 100% used [0x00000000e0000000,0x00000000edb80000,0x00000000edb80000)
  from space 24064K, 0% used [0x00000000edb80000,0x00000000edb80000,0x00000000ef300000)
  to   space 15872K, 0% used [0x00000000ef300000,0x00000000ef300000,0x00000000f0280000)
 ParOldGen       total 159744K, used 43554K [0x00000000a0000000, 0x00000000a9c00000, 0x00000000e0000000)
  object space 159744K, 27% used [0x00000000a0000000,0x00000000a2a88b00,0x00000000a9c00000)
 Metaspace       used 66404K, capacity 68594K, committed 68824K, reserved 1107968K
  class space    used 8824K, capacity 9353K, committed 9472K, reserved 1048576K
Event: 28.286 GC heap after
Heap after GC invocations=13 (full 3):
 PSYoungGen      total 240640K, used 15840K [0x00000000e0000000, 0x00000000f1380000, 0x0000000100000000)
  eden space 224768K, 0% used [0x00000000e0000000,0x00000000e0000000,0x00000000edb80000)
  from space 15872K, 99% used [0x00000000ef300000,0x00000000f02782b0,0x00000000f0280000)
  to   space 24064K, 0% used [0x00000000edb80000,0x00000000edb80000,0x00000000ef300000)
 ParOldGen       total 159744K, used 50989K [0x00000000a0000000, 0x00000000a9c00000, 0x00000000e0000000)
  object space 159744K, 31% used [0x00000000a0000000,0x00000000a31cb570,0x00000000a9c00000)
 Metaspace       used 66404K, capacity 68594K, committed 68824K, reserved 1107968K
  class space    used 8824K, capacity 9353K, committed 9472K, reserved 1048576K
}
Event: 31.508 GC heap before
{Heap before GC invocations=14 (full 3):
 PSYoungGen      total 240640K, used 240608K [0x00000000e0000000, 0x00000000f1380000, 0x0000000100000000)
  eden space 224768K, 100% used [0x00000000e0000000,0x00000000edb80000,0x00000000edb80000)
  from space 15872K, 99% used [0x00000000ef300000,0x00000000f02782b0,0x00000000f0280000)
  to   space 24064K, 0% used [0x00000000edb80000,0x00000000edb80000,0x00000000ef300000)
 ParOldGen       total 159744K, used 50989K [0x00000000a0000000, 0x00000000a9c00000, 0x00000000e0000000)
  object space 159744K, 31% used [0x00000000a0000000,0x00000000a31cb570,0x00000000a9c00000)
 Metaspace       used 69150K, capacity 71394K, committed 71512K, reserved 1112064K
  class space    used 9048K, capacity 9585K, committed 9600K, reserved 1048576K
Event: 31.565 GC heap after
Heap after GC invocations=14 (full 3):
 PSYoungGen      total 248832K, used 24052K [0x00000000e0000000, 0x00000000f1380000, 0x0000000100000000)
  eden space 224768K, 0% used [0x00000000e0000000,0x00000000e0000000,0x00000000edb80000)
  from space 24064K, 99% used [0x00000000edb80000,0x00000000ef2fd138,0x00000000ef300000)
  to   space 15872K, 0% used [0x00000000ef300000,0x00000000ef300000,0x00000000f0280000)
 ParOldGen       total 159744K, used 103932K [0x00000000a0000000, 0x00000000a9c00000, 0x00000000e0000000)
  object space 159744K, 65% used [0x00000000a0000000,0x00000000a657f358,0x00000000a9c00000)
 Metaspace       used 69150K, capacity 71394K, committed 71512K, reserved 1112064K
  class space    used 9048K, capacity 9585K, committed 9600K, reserved 1048576K
}

