# JRE version: OpenJDK Runtime Environment (8.0_152-b02) (build 1.8.0_152-release-1024-b02)
# Java VM: OpenJDK 64-Bit Server VM (25.152-b02 mixed mode windows-amd64 compressed oops)
Heap:
 PSYoungGen      total 160768K, used 52038K [0x00000000e0000000, 0x00000000eb200000, 0x0000000100000000)
  eden space 149504K, 27% used [0x00000000e0000000,0x00000000e27e4388,0x00000000e9200000)
  from space 11264K, 99% used [0x00000000ea700000,0x00000000eb1ed820,0x00000000eb200000)
  to   space 12288K, 0% used [0x00000000e9a00000,0x00000000e9a00000,0x00000000ea600000)
 ParOldGen       total 156160K, used 17126K [0x00000000a0000000, 0x00000000a9880000, 0x00000000e0000000)
  object space 156160K, 10% used [0x00000000a0000000,0x00000000a10b9b88,0x00000000a9880000)
 Metaspace       used 44312K, capacity 45382K, committed 45656K, reserved 1089536K
  class space    used 5952K, capacity 6253K, committed 6272K, reserved 1048576K
GC Heap History (10 events):
Event: 7.080 GC heap before
{Heap before GC invocations=6 (full 1):
 PSYoungGen      total 75776K, used 72763K [0x00000000e0000000, 0x00000000e7900000, 0x0000000100000000)
  eden space 65024K, 100% used [0x00000000e0000000,0x00000000e3f80000,0x00000000e3f80000)
  from space 10752K, 71% used [0x00000000e4a00000,0x00000000e518ecc0,0x00000000e5480000)
  to   space 10752K, 0% used [0x00000000e3f80000,0x00000000e3f80000,0x00000000e4a00000)
 ParOldGen       total 102400K, used 8964K [0x00000000a0000000, 0x00000000a6400000, 0x00000000e0000000)
  object space 102400K, 8% used [0x00000000a0000000,0x00000000a08c13f0,0x00000000a6400000)
 Metaspace       used 30723K, capacity 31370K, committed 31616K, reserved 1077248K
  class space    used 4214K, capacity 4390K, committed 4480K, reserved 1048576K
Event: 7.092 GC heap after
Heap after GC invocations=6 (full 1):
 PSYoungGen      total 75776K, used 8658K [0x00000000e0000000, 0x00000000e7900000, 0x0000000100000000)
  eden space 65024K, 0% used [0x00000000e0000000,0x00000000e0000000,0x00000000e3f80000)
  from space 10752K, 80% used [0x00000000e3f80000,0x00000000e47f4870,0x00000000e4a00000)
  to   space 10752K, 0% used [0x00000000e6e80000,0x00000000e6e80000,0x00000000e7900000)
 ParOldGen       total 102400K, used 9037K [0x00000000a0000000, 0x00000000a6400000, 0x00000000e0000000)
  object space 102400K, 8% used [0x00000000a0000000,0x00000000a08d3400,0x00000000a6400000)
 Metaspace       used 30723K, capacity 31370K, committed 31616K, reserved 1077248K
  class space    used 4214K, capacity 4390K, committed 4480K, reserved 1048576K
}
Event: 9.207 GC heap before
{Heap before GC invocations=7 (full 1):
 PSYoungGen      total 75776K, used 73682K [0x00000000e0000000, 0x00000000e7900000, 0x0000000100000000)
  eden space 65024K, 100% used [0x00000000e0000000,0x00000000e3f80000,0x00000000e3f80000)
  from space 10752K, 80% used [0x00000000e3f80000,0x00000000e47f4870,0x00000000e4a00000)
  to   space 10752K, 0% used [0x00000000e6e80000,0x00000000e6e80000,0x00000000e7900000)
 ParOldGen       total 102400K, used 9037K [0x00000000a0000000, 0x00000000a6400000, 0x00000000e0000000)
  object space 102400K, 8% used [0x00000000a0000000,0x00000000a08d3400,0x00000000a6400000)
 Metaspace       used 31595K, capacity 32182K, committed 32512K, reserved 1077248K
  class space    used 4301K, capacity 4490K, committed 4608K, reserved 1048576K
Event: 9.217 GC heap after
Heap after GC invocations=7 (full 1):
 PSYoungGen      total 108032K, used 7536K [0x00000000e0000000, 0x00000000e7680000, 0x0000000100000000)
  eden space 99840K, 0% used [0x00000000e0000000,0x00000000e0000000,0x00000000e6180000)
  from space 8192K, 91% used [0x00000000e6e80000,0x00000000e75dc280,0x00000000e7680000)
  to   space 10752K, 0% used [0x00000000e6180000,0x00000000e6180000,0x00000000e6c00000)
 ParOldGen       total 102400K, used 9045K [0x00000000a0000000, 0x00000000a6400000, 0x00000000e0000000)
  object space 102400K, 8% used [0x00000000a0000000,0x00000000a08d5400,0x00000000a6400000)
 Metaspace       used 31595K, capacity 32182K, committed 32512K, reserved 1077248K
  class space    used 4301K, capacity 4490K, committed 4608K, reserved 1048576K
}
Event: 9.891 GC heap before
{Heap before GC invocations=8 (full 1):
 PSYoungGen      total 108032K, used 32502K [0x00000000e0000000, 0x00000000e7680000, 0x0000000100000000)
  eden space 99840K, 25% used [0x00000000e0000000,0x00000000e18617e8,0x00000000e6180000)
  from space 8192K, 91% used [0x00000000e6e80000,0x00000000e75dc280,0x00000000e7680000)
  to   space 10752K, 0% used [0x00000000e6180000,0x00000000e6180000,0x00000000e6c00000)
 ParOldGen       total 102400K, used 9045K [0x00000000a0000000, 0x00000000a6400000, 0x00000000e0000000)
  object space 102400K, 8% used [0x00000000a0000000,0x00000000a08d5400,0x00000000a6400000)
 Metaspace       used 34560K, capacity 35374K, committed 35416K, reserved 1079296K
  class space    used 4724K, capacity 4984K, committed 4992K, reserved 1048576K
Event: 9.901 GC heap after
Heap after GC invocations=8 (full 1):
 PSYoungGen      total 110592K, used 10315K [0x00000000e0000000, 0x00000000eb280000, 0x0000000100000000)
  eden space 99840K, 0% used [0x00000000e0000000,0x00000000e0000000,0x00000000e6180000)
  from space 10752K, 95% used [0x00000000e6180000,0x00000000e6b92dc8,0x00000000e6c00000)
  to   space 11776K, 0% used [0x00000000ea700000,0x00000000ea700000,0x00000000eb280000)
 ParOldGen       total 102400K, used 9053K [0x00000000a0000000, 0x00000000a6400000, 0x00000000e0000000)
  object space 102400K, 8% used [0x00000000a0000000,0x00000000a08d7400,0x00000000a6400000)
 Metaspace       used 34560K, capacity 35374K, committed 35416K, reserved 1079296K
  class space    used 4724K, capacity 4984K, committed 4992K, reserved 1048576K
}
Event: 9.901 GC heap before
{Heap before GC invocations=9 (full 2):
 PSYoungGen      total 110592K, used 10315K [0x00000000e0000000, 0x00000000eb280000, 0x0000000100000000)
  eden space 99840K, 0% used [0x00000000e0000000,0x00000000e0000000,0x00000000e6180000)
  from space 10752K, 95% used [0x00000000e6180000,0x00000000e6b92dc8,0x00000000e6c00000)
  to   space 11776K, 0% used [0x00000000ea700000,0x00000000ea700000,0x00000000eb280000)
 ParOldGen       total 102400K, used 9053K [0x00000000a0000000, 0x00000000a6400000, 0x00000000e0000000)
  object space 102400K, 8% used [0x00000000a0000000,0x00000000a08d7400,0x00000000a6400000)
 Metaspace       used 34560K, capacity 35374K, committed 35416K, reserved 1079296K
  class space    used 4724K, capacity 4984K, committed 4992K, reserved 1048576K
Event: 9.958 GC heap after
Heap after GC invocations=9 (full 2):
 PSYoungGen      total 110592K, used 0K [0x00000000e0000000, 0x00000000eb280000, 0x0000000100000000)
  eden space 99840K, 0% used [0x00000000e0000000,0x00000000e0000000,0x00000000e6180000)
  from space 10752K, 0% used [0x00000000e6180000,0x00000000e6180000,0x00000000e6c00000)
  to   space 11776K, 0% used [0x00000000ea700000,0x00000000ea700000,0x00000000eb280000)
 ParOldGen       total 156160K, used 17118K [0x00000000a0000000, 0x00000000a9880000, 0x00000000e0000000)
  object space 156160K, 10% used [0x00000000a0000000,0x00000000a10b7b88,0x00000000a9880000)
 Metaspace       used 34560K, capacity 35374K, committed 35416K, reserved 1079296K
  class space    used 4724K, capacity 4984K, committed 4992K, reserved 1048576K
}
Event: 11.492 GC heap before
{Heap before GC invocations=10 (full 2):
 PSYoungGen      total 110592K, used 99840K [0x00000000e0000000, 0x00000000eb280000, 0x0000000100000000)
  eden space 99840K, 100% used [0x00000000e0000000,0x00000000e6180000,0x00000000e6180000)
  from space 10752K, 0% used [0x00000000e6180000,0x00000000e6180000,0x00000000e6c00000)
  to   space 11776K, 0% used [0x00000000ea700000,0x00000000ea700000,0x00000000eb280000)
 ParOldGen       total 156160K, used 17118K [0x00000000a0000000, 0x00000000a9880000, 0x00000000e0000000)
  object space 156160K, 10% used [0x00000000a0000000,0x00000000a10b7b88,0x00000000a9880000)
 Metaspace       used 42257K, capacity 43240K, committed 43608K, reserved 1087488K
  class space    used 5650K, capacity 5934K, committed 6016K, reserved 1048576K
Event: 11.502 GC heap after
Heap after GC invocations=10 (full 2):
 PSYoungGen      total 160768K, used 11190K [0x00000000e0000000, 0x00000000eb200000, 0x0000000100000000)
  eden space 149504K, 0% used [0x00000000e0000000,0x00000000e0000000,0x00000000e9200000)
  from space 11264K, 99% used [0x00000000ea700000,0x00000000eb1ed820,0x00000000eb200000)
  to   space 12288K, 0% used [0x00000000e9a00000,0x00000000e9a00000,0x00000000ea600000)
 ParOldGen       total 156160K, used 17126K [0x00000000a0000000, 0x00000000a9880000, 0x00000000e0000000)
  object space 156160K, 10% used [0x00000000a0000000,0x00000000a10b9b88,0x00000000a9880000)
 Metaspace       used 42257K, capacity 43240K, committed 43608K, reserved 1087488K
  class space    used 5650K, capacity 5934K, committed 6016K, reserved 1048576K
}

