# JRE version: OpenJDK Runtime Environment (8.0_152-b02) (build 1.8.0_152-release-1024-b02)
# Java VM: OpenJDK 64-Bit Server VM (25.152-b02 mixed mode windows-amd64 compressed oops)
Heap:
 PSYoungGen      total 169472K, used 137113K [0x00000000e0000000, 0x00000000ed700000, 0x0000000100000000)
  eden space 158208K, 86% used [0x00000000e0000000,0x00000000e85e67f0,0x00000000e9a80000)
  from space 11264K, 0% used [0x00000000ea600000,0x00000000ea600000,0x00000000eb100000)
  to   space 11776K, 0% used [0x00000000e9a80000,0x00000000e9a80000,0x00000000ea600000)
 ParOldGen       total 102400K, used 17613K [0x00000000a0000000, 0x00000000a6400000, 0x00000000e0000000)
  object space 102400K, 17% used [0x00000000a0000000,0x00000000a1133698,0x00000000a6400000)
 Metaspace       used 43690K, capacity 44718K, committed 44888K, reserved 1087488K
  class space    used 5875K, capacity 6183K, committed 6272K, reserved 1048576K
GC Heap History (10 events):
Event: 4.457 GC heap before
{Heap before GC invocations=4 (full 1):
 PSYoungGen      total 75776K, used 9105K [0x00000000e0000000, 0x00000000e9400000, 0x0000000100000000)
  eden space 65024K, 0% used [0x00000000e0000000,0x00000000e0000000,0x00000000e3f80000)
  from space 10752K, 84% used [0x00000000e3f80000,0x00000000e48645c0,0x00000000e4a00000)
  to   space 10752K, 0% used [0x00000000e8980000,0x00000000e8980000,0x00000000e9400000)
 ParOldGen       total 173568K, used 342K [0x00000000a0000000, 0x00000000aa980000, 0x00000000e0000000)
  object space 173568K, 0% used [0x00000000a0000000,0x00000000a0055820,0x00000000aa980000)
 Metaspace       used 20764K, capacity 21212K, committed 21248K, reserved 1067008K
  class space    used 2892K, capacity 3043K, committed 3072K, reserved 1048576K
Event: 4.493 GC heap after
Heap after GC invocations=4 (full 1):
 PSYoungGen      total 75776K, used 0K [0x00000000e0000000, 0x00000000e9400000, 0x0000000100000000)
  eden space 65024K, 0% used [0x00000000e0000000,0x00000000e0000000,0x00000000e3f80000)
  from space 10752K, 0% used [0x00000000e3f80000,0x00000000e3f80000,0x00000000e4a00000)
  to   space 10752K, 0% used [0x00000000e8980000,0x00000000e8980000,0x00000000e9400000)
 ParOldGen       total 102400K, used 8803K [0x00000000a0000000, 0x00000000a6400000, 0x00000000e0000000)
  object space 102400K, 8% used [0x00000000a0000000,0x00000000a0898f48,0x00000000a6400000)
 Metaspace       used 20764K, capacity 21212K, committed 21248K, reserved 1067008K
  class space    used 2892K, capacity 3043K, committed 3072K, reserved 1048576K
}
Event: 5.201 GC heap before
{Heap before GC invocations=5 (full 1):
 PSYoungGen      total 75776K, used 65024K [0x00000000e0000000, 0x00000000e9400000, 0x0000000100000000)
  eden space 65024K, 100% used [0x00000000e0000000,0x00000000e3f80000,0x00000000e3f80000)
  from space 10752K, 0% used [0x00000000e3f80000,0x00000000e3f80000,0x00000000e4a00000)
  to   space 10752K, 0% used [0x00000000e8980000,0x00000000e8980000,0x00000000e9400000)
 ParOldGen       total 102400K, used 8803K [0x00000000a0000000, 0x00000000a6400000, 0x00000000e0000000)
  object space 102400K, 8% used [0x00000000a0000000,0x00000000a0898f48,0x00000000a6400000)
 Metaspace       used 25806K, capacity 26362K, committed 26624K, reserved 1073152K
  class space    used 3592K, capacity 3768K, committed 3840K, reserved 1048576K
Event: 5.210 GC heap after
Heap after GC invocations=5 (full 1):
 PSYoungGen      total 110592K, used 7788K [0x00000000e0000000, 0x00000000e9180000, 0x0000000100000000)
  eden space 102400K, 0% used [0x00000000e0000000,0x00000000e0000000,0x00000000e6400000)
  from space 8192K, 95% used [0x00000000e8980000,0x00000000e911b110,0x00000000e9180000)
  to   space 10752K, 0% used [0x00000000e7c80000,0x00000000e7c80000,0x00000000e8700000)
 ParOldGen       total 102400K, used 8811K [0x00000000a0000000, 0x00000000a6400000, 0x00000000e0000000)
  object space 102400K, 8% used [0x00000000a0000000,0x00000000a089af48,0x00000000a6400000)
 Metaspace       used 25806K, capacity 26362K, committed 26624K, reserved 1073152K
  class space    used 3592K, capacity 3768K, committed 3840K, reserved 1048576K
}
Event: 6.388 GC heap before
{Heap before GC invocations=6 (full 1):
 PSYoungGen      total 110592K, used 110188K [0x00000000e0000000, 0x00000000e9180000, 0x0000000100000000)
  eden space 102400K, 100% used [0x00000000e0000000,0x00000000e6400000,0x00000000e6400000)
  from space 8192K, 95% used [0x00000000e8980000,0x00000000e911b110,0x00000000e9180000)
  to   space 10752K, 0% used [0x00000000e7c80000,0x00000000e7c80000,0x00000000e8700000)
 ParOldGen       total 102400K, used 8811K [0x00000000a0000000, 0x00000000a6400000, 0x00000000e0000000)
  object space 102400K, 8% used [0x00000000a0000000,0x00000000a089af48,0x00000000a6400000)
 Metaspace       used 30979K, capacity 31594K, committed 31872K, reserved 1077248K
  class space    used 4218K, capacity 4422K, committed 4480K, reserved 1048576K
Event: 6.396 GC heap after
Heap after GC invocations=6 (full 1):
 PSYoungGen      total 138240K, used 9355K [0x00000000e0000000, 0x00000000eb100000, 0x0000000100000000)
  eden space 127488K, 0% used [0x00000000e0000000,0x00000000e0000000,0x00000000e7c80000)
  from space 10752K, 87% used [0x00000000e7c80000,0x00000000e85a2d08,0x00000000e8700000)
  to   space 11264K, 0% used [0x00000000ea600000,0x00000000ea600000,0x00000000eb100000)
 ParOldGen       total 102400K, used 8883K [0x00000000a0000000, 0x00000000a6400000, 0x00000000e0000000)
  object space 102400K, 8% used [0x00000000a0000000,0x00000000a08acf58,0x00000000a6400000)
 Metaspace       used 30979K, capacity 31594K, committed 31872K, reserved 1077248K
  class space    used 4218K, capacity 4422K, committed 4480K, reserved 1048576K
}
Event: 7.498 GC heap before
{Heap before GC invocations=7 (full 1):
 PSYoungGen      total 138240K, used 64129K [0x00000000e0000000, 0x00000000eb100000, 0x0000000100000000)
  eden space 127488K, 42% used [0x00000000e0000000,0x00000000e357dad8,0x00000000e7c80000)
  from space 10752K, 87% used [0x00000000e7c80000,0x00000000e85a2d08,0x00000000e8700000)
  to   space 11264K, 0% used [0x00000000ea600000,0x00000000ea600000,0x00000000eb100000)
 ParOldGen       total 102400K, used 8883K [0x00000000a0000000, 0x00000000a6400000, 0x00000000e0000000)
  object space 102400K, 8% used [0x00000000a0000000,0x00000000a08acf58,0x00000000a6400000)
 Metaspace       used 34574K, capacity 35374K, committed 35416K, reserved 1079296K
  class space    used 4722K, capacity 4984K, committed 4992K, reserved 1048576K
Event: 7.508 GC heap after
Heap after GC invocations=7 (full 1):
 PSYoungGen      total 169472K, used 10861K [0x00000000e0000000, 0x00000000ed700000, 0x0000000100000000)
  eden space 158208K, 0% used [0x00000000e0000000,0x00000000e0000000,0x00000000e9a80000)
  from space 11264K, 96% used [0x00000000ea600000,0x00000000eb09b580,0x00000000eb100000)
  to   space 11776K, 0% used [0x00000000e9a80000,0x00000000e9a80000,0x00000000ea600000)
 ParOldGen       total 102400K, used 8891K [0x00000000a0000000, 0x00000000a6400000, 0x00000000e0000000)
  object space 102400K, 8% used [0x00000000a0000000,0x00000000a08aef58,0x00000000a6400000)
 Metaspace       used 34574K, capacity 35374K, committed 35416K, reserved 1079296K
  class space    used 4722K, capacity 4984K, committed 4992K, reserved 1048576K
}
Event: 7.508 GC heap before
{Heap before GC invocations=8 (full 2):
 PSYoungGen      total 169472K, used 10861K [0x00000000e0000000, 0x00000000ed700000, 0x0000000100000000)
  eden space 158208K, 0% used [0x00000000e0000000,0x00000000e0000000,0x00000000e9a80000)
  from space 11264K, 96% used [0x00000000ea600000,0x00000000eb09b580,0x00000000eb100000)
  to   space 11776K, 0% used [0x00000000e9a80000,0x00000000e9a80000,0x00000000ea600000)
 ParOldGen       total 102400K, used 8891K [0x00000000a0000000, 0x00000000a6400000, 0x00000000e0000000)
  object space 102400K, 8% used [0x00000000a0000000,0x00000000a08aef58,0x00000000a6400000)
 Metaspace       used 34574K, capacity 35374K, committed 35416K, reserved 1079296K
  class space    used 4722K, capacity 4984K, committed 4992K, reserved 1048576K
Event: 7.558 GC heap after
Heap after GC invocations=8 (full 2):
 PSYoungGen      total 169472K, used 0K [0x00000000e0000000, 0x00000000ed700000, 0x0000000100000000)
  eden space 158208K, 0% used [0x00000000e0000000,0x00000000e0000000,0x00000000e9a80000)
  from space 11264K, 0% used [0x00000000ea600000,0x00000000ea600000,0x00000000eb100000)
  to   space 11776K, 0% used [0x00000000e9a80000,0x00000000e9a80000,0x00000000ea600000)
 ParOldGen       total 102400K, used 17613K [0x00000000a0000000, 0x00000000a6400000, 0x00000000e0000000)
  object space 102400K, 17% used [0x00000000a0000000,0x00000000a1133698,0x00000000a6400000)
 Metaspace       used 34574K, capacity 35374K, committed 35416K, reserved 1079296K
  class space    used 4722K, capacity 4984K, committed 4992K, reserved 1048576K
}

