# JRE version: OpenJDK Runtime Environment (8.0_152-b02) (build 1.8.0_152-release-1024-b02)
# Java VM: OpenJDK 64-Bit Server VM (25.152-b02 mixed mode windows-amd64 compressed oops)
Heap:
 PSYoungGen      total 176640K, used 4307K [0x00000000e0000000, 0x00000000edd00000, 0x0000000100000000)
  eden space 165376K, 2% used [0x00000000e0000000,0x00000000e0434cc0,0x00000000ea180000)
  from space 11264K, 0% used [0x00000000ead80000,0x00000000ead80000,0x00000000eb880000)
  to   space 12288K, 0% used [0x00000000ea180000,0x00000000ea180000,0x00000000ead80000)
 ParOldGen       total 157184K, used 17807K [0x00000000a0000000, 0x00000000a9980000, 0x00000000e0000000)
  object space 157184K, 11% used [0x00000000a0000000,0x00000000a1163cb8,0x00000000a9980000)
 Metaspace       used 35074K, capacity 35832K, committed 36312K, reserved 1081344K
  class space    used 4792K, capacity 5022K, committed 5120K, reserved 1048576K
GC Heap History (10 events):
Event: 4.406 GC heap before
{Heap before GC invocations=4 (full 1):
 PSYoungGen      total 75776K, used 9125K [0x00000000e0000000, 0x00000000e9400000, 0x0000000100000000)
  eden space 65024K, 0% used [0x00000000e0000000,0x00000000e0000000,0x00000000e3f80000)
  from space 10752K, 84% used [0x00000000e3f80000,0x00000000e4869698,0x00000000e4a00000)
  to   space 10752K, 0% used [0x00000000e8980000,0x00000000e8980000,0x00000000e9400000)
 ParOldGen       total 173568K, used 89K [0x00000000a0000000, 0x00000000aa980000, 0x00000000e0000000)
  object space 173568K, 0% used [0x00000000a0000000,0x00000000a0016460,0x00000000aa980000)
 Metaspace       used 20760K, capacity 21078K, committed 21248K, reserved 1067008K
  class space    used 2886K, capacity 2990K, committed 3072K, reserved 1048576K
Event: 4.438 GC heap after
Heap after GC invocations=4 (full 1):
 PSYoungGen      total 75776K, used 0K [0x00000000e0000000, 0x00000000e9400000, 0x0000000100000000)
  eden space 65024K, 0% used [0x00000000e0000000,0x00000000e0000000,0x00000000e3f80000)
  from space 10752K, 0% used [0x00000000e3f80000,0x00000000e3f80000,0x00000000e4a00000)
  to   space 10752K, 0% used [0x00000000e8980000,0x00000000e8980000,0x00000000e9400000)
 ParOldGen       total 99840K, used 8758K [0x00000000a0000000, 0x00000000a6180000, 0x00000000e0000000)
  object space 99840K, 8% used [0x00000000a0000000,0x00000000a088da88,0x00000000a6180000)
 Metaspace       used 20760K, capacity 21078K, committed 21248K, reserved 1067008K
  class space    used 2886K, capacity 2990K, committed 3072K, reserved 1048576K
}
Event: 5.198 GC heap before
{Heap before GC invocations=5 (full 1):
 PSYoungGen      total 75776K, used 64983K [0x00000000e0000000, 0x00000000e9400000, 0x0000000100000000)
  eden space 65024K, 99% used [0x00000000e0000000,0x00000000e3f75dd8,0x00000000e3f80000)
  from space 10752K, 0% used [0x00000000e3f80000,0x00000000e3f80000,0x00000000e4a00000)
  to   space 10752K, 0% used [0x00000000e8980000,0x00000000e8980000,0x00000000e9400000)
 ParOldGen       total 99840K, used 8758K [0x00000000a0000000, 0x00000000a6180000, 0x00000000e0000000)
  object space 99840K, 8% used [0x00000000a0000000,0x00000000a088da88,0x00000000a6180000)
 Metaspace       used 25543K, capacity 26036K, committed 26368K, reserved 1071104K
  class space    used 3555K, capacity 3715K, committed 3840K, reserved 1048576K
Event: 5.206 GC heap after
Heap after GC invocations=5 (full 1):
 PSYoungGen      total 112640K, used 7734K [0x00000000e0000000, 0x00000000e9180000, 0x0000000100000000)
  eden space 104448K, 0% used [0x00000000e0000000,0x00000000e0000000,0x00000000e6600000)
  from space 8192K, 94% used [0x00000000e8980000,0x00000000e910d898,0x00000000e9180000)
  to   space 10752K, 0% used [0x00000000e7c80000,0x00000000e7c80000,0x00000000e8700000)
 ParOldGen       total 99840K, used 8766K [0x00000000a0000000, 0x00000000a6180000, 0x00000000e0000000)
  object space 99840K, 8% used [0x00000000a0000000,0x00000000a088fa88,0x00000000a6180000)
 Metaspace       used 25543K, capacity 26036K, committed 26368K, reserved 1071104K
  class space    used 3555K, capacity 3715K, committed 3840K, reserved 1048576K
}
Event: 6.418 GC heap before
{Heap before GC invocations=6 (full 1):
 PSYoungGen      total 112640K, used 112182K [0x00000000e0000000, 0x00000000e9180000, 0x0000000100000000)
  eden space 104448K, 100% used [0x00000000e0000000,0x00000000e6600000,0x00000000e6600000)
  from space 8192K, 94% used [0x00000000e8980000,0x00000000e910d898,0x00000000e9180000)
  to   space 10752K, 0% used [0x00000000e7c80000,0x00000000e7c80000,0x00000000e8700000)
 ParOldGen       total 99840K, used 8766K [0x00000000a0000000, 0x00000000a6180000, 0x00000000e0000000)
  object space 99840K, 8% used [0x00000000a0000000,0x00000000a088fa88,0x00000000a6180000)
 Metaspace       used 30729K, capacity 31268K, committed 31616K, reserved 1077248K
  class space    used 4184K, capacity 4369K, committed 4480K, reserved 1048576K
Event: 6.429 GC heap after
Heap after GC invocations=6 (full 1):
 PSYoungGen      total 138240K, used 9540K [0x00000000e0000000, 0x00000000eb880000, 0x0000000100000000)
  eden space 127488K, 0% used [0x00000000e0000000,0x00000000e0000000,0x00000000e7c80000)
  from space 10752K, 88% used [0x00000000e7c80000,0x00000000e85d1010,0x00000000e8700000)
  to   space 11264K, 0% used [0x00000000ead80000,0x00000000ead80000,0x00000000eb880000)
 ParOldGen       total 99840K, used 8774K [0x00000000a0000000, 0x00000000a6180000, 0x00000000e0000000)
  object space 99840K, 8% used [0x00000000a0000000,0x00000000a0891a88,0x00000000a6180000)
 Metaspace       used 30729K, capacity 31268K, committed 31616K, reserved 1077248K
  class space    used 4184K, capacity 4369K, committed 4480K, reserved 1048576K
}
Event: 7.571 GC heap before
{Heap before GC invocations=7 (full 1):
 PSYoungGen      total 138240K, used 65259K [0x00000000e0000000, 0x00000000eb880000, 0x0000000100000000)
  eden space 127488K, 43% used [0x00000000e0000000,0x00000000e3669c70,0x00000000e7c80000)
  from space 10752K, 88% used [0x00000000e7c80000,0x00000000e85d1010,0x00000000e8700000)
  to   space 11264K, 0% used [0x00000000ead80000,0x00000000ead80000,0x00000000eb880000)
 ParOldGen       total 99840K, used 8774K [0x00000000a0000000, 0x00000000a6180000, 0x00000000e0000000)
  object space 99840K, 8% used [0x00000000a0000000,0x00000000a0891a88,0x00000000a6180000)
 Metaspace       used 34632K, capacity 35274K, committed 35416K, reserved 1079296K
  class space    used 4731K, capacity 4964K, committed 4992K, reserved 1048576K
Event: 7.581 GC heap after
Heap after GC invocations=7 (full 1):
 PSYoungGen      total 176640K, used 11110K [0x00000000e0000000, 0x00000000edd00000, 0x0000000100000000)
  eden space 165376K, 0% used [0x00000000e0000000,0x00000000e0000000,0x00000000ea180000)
  from space 11264K, 98% used [0x00000000ead80000,0x00000000eb859810,0x00000000eb880000)
  to   space 12288K, 0% used [0x00000000ea180000,0x00000000ea180000,0x00000000ead80000)
 ParOldGen       total 99840K, used 8846K [0x00000000a0000000, 0x00000000a6180000, 0x00000000e0000000)
  object space 99840K, 8% used [0x00000000a0000000,0x00000000a08a3a98,0x00000000a6180000)
 Metaspace       used 34632K, capacity 35274K, committed 35416K, reserved 1079296K
  class space    used 4731K, capacity 4964K, committed 4992K, reserved 1048576K
}
Event: 7.581 GC heap before
{Heap before GC invocations=8 (full 2):
 PSYoungGen      total 176640K, used 11110K [0x00000000e0000000, 0x00000000edd00000, 0x0000000100000000)
  eden space 165376K, 0% used [0x00000000e0000000,0x00000000e0000000,0x00000000ea180000)
  from space 11264K, 98% used [0x00000000ead80000,0x00000000eb859810,0x00000000eb880000)
  to   space 12288K, 0% used [0x00000000ea180000,0x00000000ea180000,0x00000000ead80000)
 ParOldGen       total 99840K, used 8846K [0x00000000a0000000, 0x00000000a6180000, 0x00000000e0000000)
  object space 99840K, 8% used [0x00000000a0000000,0x00000000a08a3a98,0x00000000a6180000)
 Metaspace       used 34632K, capacity 35274K, committed 35416K, reserved 1079296K
  class space    used 4731K, capacity 4964K, committed 4992K, reserved 1048576K
Event: 7.631 GC heap after
Heap after GC invocations=8 (full 2):
 PSYoungGen      total 176640K, used 0K [0x00000000e0000000, 0x00000000edd00000, 0x0000000100000000)
  eden space 165376K, 0% used [0x00000000e0000000,0x00000000e0000000,0x00000000ea180000)
  from space 11264K, 0% used [0x00000000ead80000,0x00000000ead80000,0x00000000eb880000)
  to   space 12288K, 0% used [0x00000000ea180000,0x00000000ea180000,0x00000000ead80000)
 ParOldGen       total 157184K, used 17807K [0x00000000a0000000, 0x00000000a9980000, 0x00000000e0000000)
  object space 157184K, 11% used [0x00000000a0000000,0x00000000a1163cb8,0x00000000a9980000)
 Metaspace       used 34632K, capacity 35274K, committed 35416K, reserved 1079296K
  class space    used 4731K, capacity 4964K, committed 4992K, reserved 1048576K
}

